example/build/app/intermediates/manifest_merge_blame_file/debug/manifest-merger-blame-debug-report.txt
1<?xml version="1.0" encoding="utf-8"?>
2<manifest xmlns:android="http://schemas.android.com/apk/res/android"
3    package="com.app.testgooglehealth"
4    android:versionCode="1"
5    android:versionName="4.5.0" >
6
7    <uses-sdk
8        android:minSdkVersion="28"
9        android:targetSdkVersion="34" />
10    <!--
11         Flutter needs it to communicate with the running application
12         to allow setting breakpoints, to provide hot reload, etc.
13    -->
14    <uses-permission android:name="android.permission.INTERNET" />
14-->src/debug/AndroidManifest.xml:6:5-66
14-->src/debug/AndroidManifest.xml:6:22-64
15    <!-- Check whether Health Connect is installed or not -->
16    <!-- <queries> -->
17    <!-- <package android:name="com.google.android.apps.healthdata" /> -->
18    <!-- &lt;!&ndash;        <intent>&ndash;&gt; -->
19    <!-- &lt;!&ndash;            <action android:name="androidx.health.ACTION_SHOW_PERMISSIONS_RATIONALE" />&ndash;&gt; -->
20    <!-- &lt;!&ndash;        </intent>&ndash;&gt; -->
21    <!-- </queries> -->
22    <!--
23 io.flutter.app.FlutterApplication is an android.app.Application that
24         calls FlutterMain.startInitialization(this); in its onCreate method.
25         In most cases you can leave this as-is, but you if you want to provide
26         additional functionality it is fine to subclass or reimplement
27         FlutterApplication and put your custom class here.
28    -->
29    <uses-permission android:name="android.permission.ACTIVITY_RECOGNITION" />
29-->src/main/AndroidManifest.xml:17:5-78
29-->src/main/AndroidManifest.xml:17:22-76
30    <uses-permission android:name="android.permission.ACCESS_COARSE_LOCATION" />
30-->src/main/AndroidManifest.xml:18:5-80
30-->src/main/AndroidManifest.xml:18:22-78
31    <uses-permission android:name="android.permission.ACCESS_FINE_LOCATION" /> <!-- Permissions for new android API (Health Connect) -->
31-->src/main/AndroidManifest.xml:19:5-78
31-->src/main/AndroidManifest.xml:19:22-76
32    <uses-permission android:name="android.permission.health.READ_STEPS" />
32-->src/main/AndroidManifest.xml:21:5-75
32-->src/main/AndroidManifest.xml:21:22-73
33    <uses-permission android:name="android.permission.health.WRITE_STEPS" />
33-->src/main/AndroidManifest.xml:22:5-76
33-->src/main/AndroidManifest.xml:22:22-74
34    <uses-permission android:name="android.permission.health.READ_WEIGHT" />
34-->src/main/AndroidManifest.xml:23:5-76
34-->src/main/AndroidManifest.xml:23:22-74
35    <uses-permission android:name="android.permission.health.WRITE_WEIGHT" />
35-->src/main/AndroidManifest.xml:24:5-77
35-->src/main/AndroidManifest.xml:24:22-75
36    <uses-permission android:name="android.permission.health.READ_HEIGHT" />
36-->src/main/AndroidManifest.xml:25:5-76
36-->src/main/AndroidManifest.xml:25:22-74
37    <uses-permission android:name="android.permission.health.WRITE_HEIGHT" />
37-->src/main/AndroidManifest.xml:26:5-77
37-->src/main/AndroidManifest.xml:26:22-75
38    <uses-permission android:name="android.permission.health.READ_HEART_RATE" />
38-->src/main/AndroidManifest.xml:27:5-80
38-->src/main/AndroidManifest.xml:27:22-78
39    <uses-permission android:name="android.permission.health.WRITE_HEART_RATE" />
39-->src/main/AndroidManifest.xml:28:5-81
39-->src/main/AndroidManifest.xml:28:22-79
40    <uses-permission android:name="android.permission.health.READ_EXERCISE" />
40-->src/main/AndroidManifest.xml:29:5-78
40-->src/main/AndroidManifest.xml:29:22-76
41    <uses-permission android:name="android.permission.health.WRITE_EXERCISE" />
41-->src/main/AndroidManifest.xml:30:5-79
41-->src/main/AndroidManifest.xml:30:22-77
42    <uses-permission android:name="android.permission.health.READ_SLEEP" />
42-->src/main/AndroidManifest.xml:31:5-75
42-->src/main/AndroidManifest.xml:31:22-73
43    <uses-permission android:name="android.permission.health.WRITE_SLEEP" />
43-->src/main/AndroidManifest.xml:32:5-76
43-->src/main/AndroidManifest.xml:32:22-74
44    <uses-permission android:name="android.permission.health.READ_SPEED" />
44-->src/main/AndroidManifest.xml:33:5-75
44-->src/main/AndroidManifest.xml:33:22-73
45    <uses-permission android:name="android.permission.health.WRITE_SPEED" />
45-->src/main/AndroidManifest.xml:34:5-76
45-->src/main/AndroidManifest.xml:34:22-74
46    <uses-permission android:name="android.permission.health.READ_DISTANCE" />
46-->src/main/AndroidManifest.xml:35:5-78
46-->src/main/AndroidManifest.xml:35:22-76
47    <uses-permission android:name="android.permission.health.WRITE_DISTANCE" />
47-->src/main/AndroidManifest.xml:36:5-79
47-->src/main/AndroidManifest.xml:36:22-77
48    <uses-permission android:name="android.permission.health.READ_TOTAL_CALORIES_BURNED" />
48-->src/main/AndroidManifest.xml:37:5-91
48-->src/main/AndroidManifest.xml:37:22-89
49    <uses-permission android:name="android.permission.health.WRITE_TOTAL_CALORIES_BURNED" />
49-->src/main/AndroidManifest.xml:38:5-92
49-->src/main/AndroidManifest.xml:38:22-90
50    <uses-permission android:name="android.permission.health.READ_ACTIVE_CALORIES_BURNED" />
50-->src/main/AndroidManifest.xml:39:5-92
50-->src/main/AndroidManifest.xml:39:22-90
51    <uses-permission android:name="android.permission.health.WRITE_ACTIVE_CALORIES_BURNED" />
51-->src/main/AndroidManifest.xml:40:5-93
51-->src/main/AndroidManifest.xml:40:22-91
52    <uses-permission android:name="android.permission.health.READ_BLOOD_GLUCOSE" />
52-->src/main/AndroidManifest.xml:41:5-83
52-->src/main/AndroidManifest.xml:41:22-81
53    <uses-permission android:name="android.permission.health.WRITE_BLOOD_GLUCOSE" />
53-->src/main/AndroidManifest.xml:42:5-84
53-->src/main/AndroidManifest.xml:42:22-82
54    <uses-permission android:name="android.permission.health.READ_BLOOD_PRESSURE" />
54-->src/main/AndroidManifest.xml:43:5-84
54-->src/main/AndroidManifest.xml:43:22-82
55    <uses-permission android:name="android.permission.health.WRITE_BLOOD_PRESSURE" />
55-->src/main/AndroidManifest.xml:44:5-85
55-->src/main/AndroidManifest.xml:44:22-83
56    <uses-permission android:name="android.permission.health.READ_BODY_FAT" />
56-->src/main/AndroidManifest.xml:45:5-78
56-->src/main/AndroidManifest.xml:45:22-76
57    <uses-permission android:name="android.permission.health.WRITE_BODY_FAT" />
57-->src/main/AndroidManifest.xml:46:5-79
57-->src/main/AndroidManifest.xml:46:22-77
58    <uses-permission android:name="android.permission.health.READ_BODY_TEMPERATURE" />
58-->src/main/AndroidManifest.xml:47:5-86
58-->src/main/AndroidManifest.xml:47:22-84
59    <uses-permission android:name="android.permission.health.WRITE_BODY_TEMPERATURE" />
59-->src/main/AndroidManifest.xml:48:5-87
59-->src/main/AndroidManifest.xml:48:22-85
60    <uses-permission android:name="android.permission.health.READ_OXYGEN_SATURATION" />
60-->src/main/AndroidManifest.xml:49:5-87
60-->src/main/AndroidManifest.xml:49:22-85
61    <uses-permission android:name="android.permission.health.WRITE_OXYGEN_SATURATION" />
61-->src/main/AndroidManifest.xml:50:5-88
61-->src/main/AndroidManifest.xml:50:22-86
62    <uses-permission android:name="android.permission.health.READ_HYDRATION" />
62-->src/main/AndroidManifest.xml:51:5-79
62-->src/main/AndroidManifest.xml:51:22-77
63    <uses-permission android:name="android.permission.health.WRITE_HYDRATION" />
63-->src/main/AndroidManifest.xml:52:5-80
63-->src/main/AndroidManifest.xml:52:22-78
64    <uses-permission android:name="android.permission.health.READ_RESTING_HEART_RATE" />
64-->src/main/AndroidManifest.xml:53:5-88
64-->src/main/AndroidManifest.xml:53:22-86
65    <uses-permission android:name="android.permission.health.WRITE_RESTING_HEART_RATE" />
65-->src/main/AndroidManifest.xml:54:5-89
65-->src/main/AndroidManifest.xml:54:22-87
66    <uses-permission android:name="android.permission.health.WRITE_FLOORS_CLIMBED" />
66-->src/main/AndroidManifest.xml:55:5-85
66-->src/main/AndroidManifest.xml:55:22-83
67    <uses-permission android:name="android.permission.health.READ_FLOORS_CLIMBED" />
67-->src/main/AndroidManifest.xml:56:5-84
67-->src/main/AndroidManifest.xml:56:22-82
68    <uses-permission android:name="android.permission.health.WRITE_BASAL_METABOLIC_RATE" />
68-->src/main/AndroidManifest.xml:57:5-91
68-->src/main/AndroidManifest.xml:57:22-89
69    <uses-permission android:name="android.permission.health.READ_BASAL_METABOLIC_RATE" />
69-->src/main/AndroidManifest.xml:58:5-90
69-->src/main/AndroidManifest.xml:58:22-88
70    <uses-permission android:name="android.permission.health.READ_RESPIRATORY_RATE" />
70-->src/main/AndroidManifest.xml:59:5-86
70-->src/main/AndroidManifest.xml:59:22-84
71    <uses-permission android:name="android.permission.health.WRITE_RESPIRATORY_RATE" />
71-->src/main/AndroidManifest.xml:60:5-87
71-->src/main/AndroidManifest.xml:60:22-85
72    <uses-permission android:name="android.permission.health.READ_SLEEP" />
72-->src/main/AndroidManifest.xml:31:5-75
72-->src/main/AndroidManifest.xml:31:22-73
73    <uses-permission android:name="android.permission.health.READ_WEIGHT" />
73-->src/main/AndroidManifest.xml:23:5-76
73-->src/main/AndroidManifest.xml:23:22-74
74    <uses-permission android:name="android.permission.health.WRITE_WEIGHT" />
74-->src/main/AndroidManifest.xml:24:5-77
74-->src/main/AndroidManifest.xml:24:22-75
75
76    <queries>
76-->src/main/AndroidManifest.xml:105:5-107:15
77        <package android:name="com.google.android.apps.healthdata" />
77-->src/main/AndroidManifest.xml:106:9-70
77-->src/main/AndroidManifest.xml:106:18-67
78    </queries>
79
80    <permission
80-->[androidx.core:core:1.12.0-alpha05] AndroidManifest.xml:22:5-24:47
81        android:name="com.app.testgooglehealth.DYNAMIC_RECEIVER_NOT_EXPORTED_PERMISSION"
81-->[androidx.core:core:1.12.0-alpha05] AndroidManifest.xml:23:9-81
82        android:protectionLevel="signature" />
82-->[androidx.core:core:1.12.0-alpha05] AndroidManifest.xml:24:9-44
83
84    <uses-permission android:name="com.app.testgooglehealth.DYNAMIC_RECEIVER_NOT_EXPORTED_PERMISSION" />
84-->[androidx.core:core:1.12.0-alpha05] AndroidManifest.xml:26:5-97
84-->[androidx.core:core:1.12.0-alpha05] AndroidManifest.xml:26:22-94
85
86    <application
86-->src/main/AndroidManifest.xml:67:5-102:19
87        android:appComponentFactory="androidx.core.app.CoreComponentFactory"
87-->[androidx.core:core:1.12.0-alpha05] AndroidManifest.xml:28:18-86
88        android:debuggable="true"
89        android:extractNativeLibs="false"
90        android:icon="@mipmap/ic_launcher"
90-->src/main/AndroidManifest.xml:68:9-43
91        android:label="health_example"
91-->src/main/AndroidManifest.xml:67:18-48
92        android:testOnly="true" >
93        <activity
93-->src/main/AndroidManifest.xml:69:9-86:20
94            android:name="cachet.plugins.example_app.MainActivity"
94-->src/main/AndroidManifest.xml:69:19-47
95            android:configChanges="orientation|keyboardHidden|keyboard|screenSize|locale|layoutDirection|fontScale|screenLayout|density|uiMode"
95-->src/main/AndroidManifest.xml:72:13-144
96            android:exported="true"
96-->src/main/AndroidManifest.xml:74:13-36
97            android:hardwareAccelerated="true"
97-->src/main/AndroidManifest.xml:73:13-47
98            android:launchMode="singleTop"
98-->src/main/AndroidManifest.xml:70:13-43
99            android:theme="@style/LaunchTheme"
99-->src/main/AndroidManifest.xml:71:13-47
100            android:windowSoftInputMode="adjustResize" >
100-->src/main/AndroidManifest.xml:75:13-55
101
102            <!-- Theme to apply as soon as Flutter begins rendering frames -->
103            <meta-data
103-->src/main/AndroidManifest.xml:77:13-78:57
104                android:name="io.flutter.embedding.android.NormalTheme"
104-->src/main/AndroidManifest.xml:77:24-79
105                android:resource="@style/NormalTheme" />
105-->src/main/AndroidManifest.xml:78:17-54
106
107            <intent-filter>
107-->src/main/AndroidManifest.xml:79:13-82:29
108                <action android:name="android.intent.action.MAIN" />
108-->src/main/AndroidManifest.xml:80:17-68
108-->src/main/AndroidManifest.xml:80:25-66
109
110                <category android:name="android.intent.category.LAUNCHER" />
110-->src/main/AndroidManifest.xml:81:17-76
110-->src/main/AndroidManifest.xml:81:27-74
111            </intent-filter>
112            <intent-filter>
112-->src/main/AndroidManifest.xml:83:13-85:29
113                <action android:name="androidx.health.ACTION_SHOW_PERMISSIONS_RATIONALE" />
113-->src/main/AndroidManifest.xml:84:17-92
113-->src/main/AndroidManifest.xml:84:25-89
114            </intent-filter>
115        </activity>
116
117        <activity-alias
117-->src/main/AndroidManifest.xml:88:9-97:26
118            android:name="cachet.plugins.example_app.AndroidURationaleActivity"
118-->src/main/AndroidManifest.xml:89:13-53
119            android:exported="true"
119-->src/main/AndroidManifest.xml:90:13-36
120            android:permission="android.permission.START_VIEW_PERMISSION_USAGE"
120-->src/main/AndroidManifest.xml:92:13-80
121            android:targetActivity="cachet.plugins.example_app.MainActivity" >
121-->src/main/AndroidManifest.xml:91:13-51
122            <intent-filter>
122-->src/main/AndroidManifest.xml:93:13-96:29
123                <action android:name="android.intent.action.VIEW_PERMISSION_USAGE" />
123-->src/main/AndroidManifest.xml:94:17-86
123-->src/main/AndroidManifest.xml:94:25-83
124
125                <category android:name="android.intent.category.HEALTH_PERMISSIONS" />
125-->src/main/AndroidManifest.xml:95:17-87
125-->src/main/AndroidManifest.xml:95:27-84
126            </intent-filter>
127        </activity-alias>
128
129        <meta-data
129-->src/main/AndroidManifest.xml:99:9-100:32
130            android:name="flutterEmbedding"
130-->src/main/AndroidManifest.xml:99:20-51
131            android:value="2" />
131-->src/main/AndroidManifest.xml:100:13-30
132
133        <service
133-->[androidx.health.connect:connect-client:1.1.0-alpha06] AndroidManifest.xml:24:9-32:19
134            android:name="androidx.health.platform.client.impl.sdkservice.HealthDataSdkService"
134-->[androidx.health.connect:connect-client:1.1.0-alpha06] AndroidManifest.xml:25:13-96
135            android:enabled="true"
135-->[androidx.health.connect:connect-client:1.1.0-alpha06] AndroidManifest.xml:26:13-35
136            android:exported="true" >
136-->[androidx.health.connect:connect-client:1.1.0-alpha06] AndroidManifest.xml:27:13-36
137            <intent-filter>
137-->[androidx.health.connect:connect-client:1.1.0-alpha06] AndroidManifest.xml:29:13-31:29
138                <action android:name="androidx.health.platform.client.ACTION_BIND_SDK_SERVICE" />
138-->[androidx.health.connect:connect-client:1.1.0-alpha06] AndroidManifest.xml:30:17-98
138-->[androidx.health.connect:connect-client:1.1.0-alpha06] AndroidManifest.xml:30:25-95
139            </intent-filter>
140        </service>
141
142        <uses-library
142-->[androidx.window:window:1.0.0-beta04] AndroidManifest.xml:25:9-27:40
143            android:name="androidx.window.extensions"
143-->[androidx.window:window:1.0.0-beta04] AndroidManifest.xml:26:13-54
144            android:required="false" />
144-->[androidx.window:window:1.0.0-beta04] AndroidManifest.xml:27:13-37
145        <uses-library
145-->[androidx.window:window:1.0.0-beta04] AndroidManifest.xml:28:9-30:40
146            android:name="androidx.window.sidecar"
146-->[androidx.window:window:1.0.0-beta04] AndroidManifest.xml:29:13-51
147            android:required="false" />
147-->[androidx.window:window:1.0.0-beta04] AndroidManifest.xml:30:13-37
148
149        <meta-data
149-->[com.google.android.gms:play-services-fitness:21.1.0] AndroidManifest.xml:23:9-25:38
150            android:name="com.google.gms.fitness.sdk.version"
150-->[com.google.android.gms:play-services-fitness:21.1.0] AndroidManifest.xml:24:13-62
151            android:value="21.1.0" />
151-->[com.google.android.gms:play-services-fitness:21.1.0] AndroidManifest.xml:25:13-35
152
153        <activity
153-->[com.google.android.gms:play-services-auth:20.2.0] AndroidManifest.xml:23:9-27:75
154            android:name="com.google.android.gms.auth.api.signin.internal.SignInHubActivity"
154-->[com.google.android.gms:play-services-auth:20.2.0] AndroidManifest.xml:24:13-93
155            android:excludeFromRecents="true"
155-->[com.google.android.gms:play-services-auth:20.2.0] AndroidManifest.xml:25:13-46
156            android:exported="false"
156-->[com.google.android.gms:play-services-auth:20.2.0] AndroidManifest.xml:26:13-37
157            android:theme="@android:style/Theme.Translucent.NoTitleBar" />
157-->[com.google.android.gms:play-services-auth:20.2.0] AndroidManifest.xml:27:13-72
158        <!--
159            Service handling Google Sign-In user revocation. For apps that do not integrate with
160            Google Sign-In, this service will never be started.
161        -->
162        <service
162-->[com.google.android.gms:play-services-auth:20.2.0] AndroidManifest.xml:33:9-37:51
163            android:name="com.google.android.gms.auth.api.signin.RevocationBoundService"
163-->[com.google.android.gms:play-services-auth:20.2.0] AndroidManifest.xml:34:13-89
164            android:exported="true"
164-->[com.google.android.gms:play-services-auth:20.2.0] AndroidManifest.xml:35:13-36
165            android:permission="com.google.android.gms.auth.api.signin.permission.REVOCATION_NOTIFICATION"
165-->[com.google.android.gms:play-services-auth:20.2.0] AndroidManifest.xml:36:13-107
166            android:visibleToInstantApps="true" />
166-->[com.google.android.gms:play-services-auth:20.2.0] AndroidManifest.xml:37:13-48
167
168        <activity
168-->[com.google.android.gms:play-services-base:18.0.1] AndroidManifest.xml:20:9-22:45
169            android:name="com.google.android.gms.common.api.GoogleApiActivity"
169-->[com.google.android.gms:play-services-base:18.0.1] AndroidManifest.xml:20:19-85
170            android:exported="false"
170-->[com.google.android.gms:play-services-base:18.0.1] AndroidManifest.xml:22:19-43
171            android:theme="@android:style/Theme.Translucent.NoTitleBar" />
171-->[com.google.android.gms:play-services-base:18.0.1] AndroidManifest.xml:21:19-78
172
173        <meta-data
173-->[com.google.android.gms:play-services-basement:18.0.0] AndroidManifest.xml:21:9-23:69
174            android:name="com.google.android.gms.version"
174-->[com.google.android.gms:play-services-basement:18.0.0] AndroidManifest.xml:22:13-58
175            android:value="@integer/google_play_services_version" />
175-->[com.google.android.gms:play-services-basement:18.0.0] AndroidManifest.xml:23:13-66
176    </application>
177
178</manifest>